# JRE version: OpenJDK Runtime Environment (21.0.10+7) (build 21.0.10+7-Debian-1deb13u1)
# Java VM: OpenJDK 64-Bit Server VM (21.0.10+7-Debian-1deb13u1, mixed mode, sharing, tiered, compressed oops, compressed class ptrs, g1 gc, linux-amd64)
Heap:
 garbage-first heap   total 249856K, used 125001K [0x000000070f200000, 0x0000000800000000)
  region size 2048K, 44 young (90112K), 4 survivors (8192K)
 Metaspace       used 11721K, committed 11968K, reserved 1114112K
  class space    used 824K, committed 896K, reserved 1048576K
GC Heap History (6 events):
Event: 0.682 GC heap before
{Heap before GC invocations=0 (full 0):
 garbage-first heap   total 249856K, used 27697K [0x000000070f200000, 0x0000000800000000)
  region size 2048K, 11 young (22528K), 0 survivors (0K)
 Metaspace       used 8877K, committed 9088K, reserved 1114112K
  class space    used 565K, committed 640K, reserved 1048576K
}
Event: 0.685 GC heap after
{Heap after GC invocations=1 (full 0):
 garbage-first heap   total 249856K, used 7217K [0x000000070f200000, 0x0000000800000000)
  region size 2048K, 1 young (2048K), 1 survivors (2048K)
 Metaspace       used 8877K, committed 9088K, reserved 1114112K
  class space    used 565K, committed 640K, reserved 1048576K
}
Event: 0.848 GC heap before
{Heap before GC invocations=1 (full 0):
 garbage-first heap   total 249856K, used 111665K [0x000000070f200000, 0x0000000800000000)
  region size 2048K, 35 young (71680K), 1 survivors (2048K)
 Metaspace       used 10076K, committed 10304K, reserved 1114112K
  class space    used 689K, committed 832K, reserved 1048576K
}
Event: 0.852 GC heap after
{Heap after GC invocations=2 (full 0):
 garbage-first heap   total 249856K, used 44980K [0x000000070f200000, 0x0000000800000000)
  region size 2048K, 4 young (8192K), 4 survivors (8192K)
 Metaspace       used 10076K, committed 10304K, reserved 1114112K
  class space    used 689K, committed 832K, reserved 1048576K
}
Event: 0.887 GC heap before
{Heap before GC invocations=2 (full 0):
 garbage-first heap   total 249856K, used 128948K [0x000000070f200000, 0x0000000800000000)
  region size 2048K, 45 young (92160K), 4 survivors (8192K)
 Metaspace       used 10076K, committed 10304K, reserved 1114112K
  class space    used 689K, committed 832K, reserved 1048576K
}
Event: 0.890 GC heap after
{Heap after GC invocations=3 (full 0):
 garbage-first heap   total 249856K, used 44917K [0x000000070f200000, 0x0000000800000000)
  region size 2048K, 4 young (8192K), 4 survivors (8192K)
 Metaspace       used 10076K, committed 10304K, reserved 1114112K
  class space    used 689K, committed 832K, reserved 1048576K
}

