# JRE version: OpenJDK Runtime Environment (21.0.10+7) (build 21.0.10+7-Debian-1deb13u1)
# Java VM: OpenJDK 64-Bit Server VM (21.0.10+7-Debian-1deb13u1, mixed mode, sharing, tiered, compressed oops, compressed class ptrs, g1 gc, linux-amd64)
Heap:
 garbage-first heap   total 249856K, used 154136K [0x000000070f200000, 0x0000000800000000)
  region size 2048K, 56 young (114688K), 2 survivors (4096K)
 Metaspace       used 11747K, committed 11968K, reserved 1114112K
  class space    used 824K, committed 896K, reserved 1048576K
GC Heap History (6 events):
Event: 0.644 GC heap before
{Heap before GC invocations=0 (full 0):
 garbage-first heap   total 249856K, used 21553K [0x000000070f200000, 0x0000000800000000)
  region size 2048K, 11 young (22528K), 0 survivors (0K)
 Metaspace       used 8418K, committed 8640K, reserved 1114112K
  class space    used 519K, committed 640K, reserved 1048576K
}
Event: 0.650 GC heap after
{Heap after GC invocations=1 (full 0):
 garbage-first heap   total 249856K, used 5858K [0x000000070f200000, 0x0000000800000000)
  region size 2048K, 2 young (4096K), 2 survivors (4096K)
 Metaspace       used 8418K, committed 8640K, reserved 1114112K
  class space    used 519K, committed 640K, reserved 1048576K
}
Event: 0.793 GC heap before
{Heap before GC invocations=1 (full 0):
 garbage-first heap   total 249856K, used 100066K [0x000000070f200000, 0x0000000800000000)
  region size 2048K, 29 young (59392K), 2 survivors (4096K)
 Metaspace       used 10100K, committed 10368K, reserved 1114112K
  class space    used 689K, committed 832K, reserved 1048576K
}
Event: 0.798 GC heap after
{Heap after GC invocations=2 (full 0):
 garbage-first heap   total 249856K, used 45397K [0x000000070f200000, 0x0000000800000000)
  region size 2048K, 4 young (8192K), 4 survivors (8192K)
 Metaspace       used 10100K, committed 10368K, reserved 1114112K
  class space    used 689K, committed 832K, reserved 1048576K
}
Event: 0.826 GC heap before
{Heap before GC invocations=2 (full 0):
 garbage-first heap   total 249856K, used 112981K [0x000000070f200000, 0x0000000800000000)
  region size 2048K, 37 young (75776K), 4 survivors (8192K)
 Metaspace       used 10100K, committed 10368K, reserved 1114112K
  class space    used 689K, committed 832K, reserved 1048576K
}
Event: 0.830 GC heap after
{Heap after GC invocations=3 (full 0):
 garbage-first heap   total 249856K, used 44568K [0x000000070f200000, 0x0000000800000000)
  region size 2048K, 2 young (4096K), 2 survivors (4096K)
 Metaspace       used 10100K, committed 10368K, reserved 1114112K
  class space    used 689K, committed 832K, reserved 1048576K
}

